

https://wings.msn.to/index.php//A03/WGSJSF004/

------
0316
------



create-react-app react-app
cd react-app
npm start

npm install
npm start

rm -rf node_modules

cd /Users/Dicekay/projects/pcma/github/tutorial/react-app

git add a b 
git commit a b -m "test"
git push


------

package.json
  "scripts": {
    "start": "react-scripts start",


index.html (<div id="root"></div>) 
  -> index.js  (document.getElementById('root'))
  -> App.js     <App />


render(comp, target)

ReactDOM.render(
  <React.StrictMode>
    <App />
  </React.StrictMode>,
  document.getElementById('root')
);

passing this.props to component 

[PropTypes]

PropTypes.string：文字列型
PropTypes.symbol：シンボル型
PropTypes.number：数値型
PropTypes.bool：真偽型
PropTypes.array：配列（要素の型は任意）
PropTypes.object：オブジェクト型（要素の型は任意）
PropTypes.func：関数型
PropTypes.element：React要素
PropTypes.node：element、number、string、arrayのいずれか
PropTypes.any：任意の型

PropTypes.string.isRequired

only chrome can tell you whether it is a warning or not.

<dl> definition list

converting from array to a list with 
{articles.map((article) => <MyArticle {...article}>})}

index.js:1 Warning: Each child in a list should have a unique "key" prop.

[New item and key]
when a new item (eg. x) is added to a list (eg. a,b,c) and render the package
we need to render the existing list. 

present: a,b,c
future: a,b,c, x <== only x is new so in theory only x needs to be updated

to do this we need to use "key"
and display new item with new.gif

[STATE]
event handling and state

everytime a character is inserted onChange() is called

MyState.js setInterval - every second it updates clock 


handleChange(e) { to update
onChange, onClick
this.show, this.handleChange

`execute`     console.log(`name: ${this.state.name}`);




